Removed Pin From Net: NetName=NetC1_2 Pin=J4-1
Removed Pin From Net: NetName=NetC1_2 Pin=J4-2
Removed Pin From Net: NetName=NetC1_2 Pin=J4-3
Removed Pin From Net: NetName=NetC1_2 Pin=J4-4
Removed Pin From Net: NetName=NetC1_2 Pin=J4-A12
Removed Pin From Net: NetName=NetF1_1 Pin=J4-B9
Removed Member From Class: ClassName=BU04_Kit_Sch Member=J4
Added Component: Designator=J5(FP-217175-0001-MFG)
Added Pin To Net: NetName=NetC1_2 Pin=J5-1
Added Pin To Net: NetName=NetC1_2 Pin=J5-2
Added Pin To Net: NetName=NetC1_2 Pin=J5-3
Added Pin To Net: NetName=NetC1_2 Pin=J5-4
Added Pin To Net: NetName=NetC1_2 Pin=J5-A12
Added Pin To Net: NetName=NetF1_1 Pin=J5-B9
Added Pin To Net: NetName=NetJ5_A5 Pin=J5-A5
Added Pin To Net: NetName=NetJ5_A5 Pin=R1_5.1K-1
Added Net: Name=NetJ5_A5
Added Pin To Net: NetName=NetJ5_B5 Pin=J5-B5
Added Pin To Net: NetName=NetJ5_B5 Pin=R2_5.1K-1
Added Net: Name=NetJ5_B5
Added Member To Class: ClassName=BU04_Kit_Sch Member=Component J5 217175-0001
