Removed Member From Class: ClassName=BU04_Kit_Sch Member=U3
Added Component: Designator=F1(BOUR-MF-NSMF150-2_V)
Add component (AddParameter): Name = "Brand"; Value = "Bourns"; VariantName = "[No Variations]"
Add component (AddParameter): Name = "Current Rating"; Value = "100A"; VariantName = "[No Variations]"
Add component (AddParameter): Name = "Current Rating (Max)"; Value = "100A"; VariantName = "[No Variations]"
Add component (AddParameter): Name = "Current Rating - Max"; Value = "100A"; VariantName = "[No Variations]"
Add component (AddParameter): Name = "Datasheet URL"; Value = "http://www.bourns.com/docs/Product-Datasheets/mfnsmf.pdf"; VariantName = "[No Variations]"
Add component (AddParameter): Name = "Datasheet Version"; Value = "Rev. T, 08/2015"; VariantName = "[No Variations]"
Add component (AddParameter): Name = "Dimensions"; Value = "3.4mmLx1.8mmWx0.7mmH"; VariantName = "[No Variations]"
Add component (AddParameter): Name = "Factory Pack Quantity"; Value = "3000"; VariantName = "[No Variations]"
Add component (AddParameter): Name = "Hold Current"; Value = "1.5A"; VariantName = "[No Variations]"
Add component (AddParameter): Name = "Manufacturer"; Value = "Bourns"; VariantName = "[No Variations]"
Add component (AddParameter): Name = "Manufacturer URL"; Value = "http://www.bourns.com/"; VariantName = "[No Variations]"
Add component (AddParameter): Name = "Maximum Voltage"; Value = "6VDC"; VariantName = "[No Variations]"
Add component (AddParameter): Name = "Maximum Voltage DC"; Value = "6V"; VariantName = "[No Variations]"
Add component (AddParameter): Name = "Mounting Style"; Value = "SMD/SMT"; VariantName = "[No Variations]"
Add component (AddParameter): Name = "Mounting Technology"; Value = "SurfaceMount"; VariantName = "[No Variations]"
Add component (AddParameter): Name = "Operating Temperature Range"; Value = "-40Cto+85C"; VariantName = "[No Variations]"
Add component (AddParameter): Name = "Package / Case"; Value = "1206(3216metric)"; VariantName = "[No Variations]"
Add component (AddParameter): Name = "Package Description"; Value = "2-Pin Surface Mount Device, Body 3.2 x 1.6 mm"; VariantName = "[No Variations]"
Add component (AddParameter): Name = "Package Reference"; Value = "MF-NSMF150-2"; VariantName = "[No Variations]"
Add component (AddParameter): Name = "Packaging"; Value = "Reel"; VariantName = "[No Variations]"
Add component (AddParameter): Name = "Product Category"; Value = "ResettableFuses-PPTC"; VariantName = "[No Variations]"
Add component (AddParameter): Name = "Resistance"; Value = "130mOhms"; VariantName = "[No Variations]"
Add component (AddParameter): Name = "RoHS"; Value = "Details"; VariantName = "[No Variations]"
Add component (AddParameter): Name = "Series"; Value = "MF-NSMF"; VariantName = "[No Variations]"
Add component (AddParameter): Name = "Termination Style"; Value = "SMD/SMT"; VariantName = "[No Variations]"
Add component (AddParameter): Name = "Tradename"; Value = "Multifuse"; VariantName = "[No Variations]"
Add component (AddParameter): Name = "Trip Current"; Value = "3A"; VariantName = "[No Variations]"
Add component (AddParameter): Name = "Type"; Value = "PTCResettableFuses"; VariantName = "[No Variations]"
Added Member To Class: ClassName=BU04_Kit_Sch Member=Component F1 MF-NSMF150-2
