Added Component: Designator=P3(SMTC-MTSW-104-07-X-S-170)
Add component (AddParameter): Name = "ComponentLink1Description"; Value = "Manufacturer URL"; VariantName = "[No Variations]"
Add component (AddParameter): Name = "ComponentLink1URL"; Value = "http://www.samtec.com"; VariantName = "[No Variations]"
Add component (AddParameter): Name = "ComponentLink2Description"; Value = "Datasheet"; VariantName = "[No Variations]"
Add component (AddParameter): Name = "ComponentLink2URL"; Value = "http://www.samtec.com/documents/webfiles/pdf/MTSW.PDF"; VariantName = "[No Variations]"
Add component (AddParameter): Name = "ComponentLink3Description"; Value = "Package Specification"; VariantName = "[No Variations]"
Add component (AddParameter): Name = "ComponentLink3URL"; Value = "http://www.samtec.com/documents/webfiles/cpdf/MTSW-XXX-XX-X-X-XXXX-XX-XXX-MKT1.pdf"; VariantName = "[No Variations]"
Add component (AddParameter): Name = "DatasheetVersion"; Value = "F-214"; VariantName = "[No Variations]"
Add component (AddParameter): Name = "Manufacturer"; Value = "Samtec"; VariantName = "[No Variations]"
Add component (AddParameter): Name = "Mounting Technology"; Value = "Through-hole"; VariantName = "[No Variations]"
Add component (AddParameter): Name = "Orientation"; Value = "Vertical"; VariantName = "[No Variations]"
Add component (AddParameter): Name = "PackageDescription"; Value = "Assembly .025" [.64] SQ Post Terminal Strip"; VariantName = "[No Variations]"
Add component (AddParameter): Name = "PackageReference"; Value = "MTSW-104-07-X-S-170"; VariantName = "[No Variations]"
Add component (AddParameter): Name = "PackageVersion"; Value = "BI, 2/1987"; VariantName = "[No Variations]"
Add component (AddParameter): Name = "PartNumber"; Value = "MTSW-104-07-G-S-170"; VariantName = "[No Variations]"
Add component (AddParameter): Name = "Pitch"; Value = "2.54 mm"; VariantName = "[No Variations]"
Add component (AddParameter): Name = "RoHS"; Value = "True"; VariantName = "[No Variations]"
Add component (AddParameter): Name = "Temperature Range"; Value = "-55 to 125 degC"; VariantName = "[No Variations]"
Added Pin To Net: NetName=NetC2_1 Pin=P3-1
Added Pin To Net: NetName=NetJ2_9 Pin=P3-2
Added Pin To Net: NetName=NetJ2_10 Pin=P3-3
Added Pin To Net: NetName=NetC1_2 Pin=P3-4
Added Member To Class: ClassName=BU04_Kit_Sch Member=Component P3 UART1
